Copyright 1986-2022 Xilinx, Inc. All Rights Reserved.
------------------------------------------------------------------------------------
| Tool Version : Vivado v.2022.1 (win64) Build 3526262 Mon Apr 18 15:48:16 MDT 2022
| Date         : Tue May 23 20:26:33 2023
| Host         : LAPTOP-N1U65B11 running 64-bit major release  (build 9200)
| Command      : report_control_sets -verbose -file Main_control_sets_placed.rpt
| Design       : Main
| Device       : xc7a100t
------------------------------------------------------------------------------------

Control Set Information

Table of Contents
-----------------
1. Summary
2. Histogram
3. Flip-Flop Distribution
4. Detailed Control Set Information

1. Summary
----------

+----------------------------------------------------------+-------+
|                          Status                          | Count |
+----------------------------------------------------------+-------+
| Total control sets                                       |    84 |
|    Minimum number of control sets                        |    84 |
|    Addition due to synthesis replication                 |     0 |
|    Addition due to physical synthesis replication        |     0 |
| Unused register locations in slices containing registers |   365 |
+----------------------------------------------------------+-------+
* Control sets can be merged at opt_design using control_set_merge or merge_equivalent_drivers
** Run report_qor_suggestions for automated merging and remapping suggestions


2. Histogram
------------

+--------------------+-------+
|       Fanout       | Count |
+--------------------+-------+
| Total control sets |    84 |
| >= 0 to < 4        |    24 |
| >= 4 to < 6        |    42 |
| >= 6 to < 8        |     4 |
| >= 8 to < 10       |     2 |
| >= 10 to < 12      |     0 |
| >= 12 to < 14      |     5 |
| >= 14 to < 16      |     2 |
| >= 16              |     5 |
+--------------------+-------+
* Control sets can be remapped at either synth_design or opt_design


3. Flip-Flop Distribution
-------------------------

+--------------+-----------------------+------------------------+-----------------+--------------+
| Clock Enable | Synchronous Set/Reset | Asynchronous Set/Reset | Total Registers | Total Slices |
+--------------+-----------------------+------------------------+-----------------+--------------+
| No           | No                    | No                     |             141 |           55 |
| No           | No                    | Yes                    |              14 |           13 |
| No           | Yes                   | No                     |             105 |           38 |
| Yes          | No                    | No                     |             131 |           38 |
| Yes          | No                    | Yes                    |               0 |            0 |
| Yes          | Yes                   | No                     |             212 |           86 |
+--------------+-----------------------+------------------------+-----------------+--------------+


4. Detailed Control Set Information
-----------------------------------

+------------------------------------------------------------------------------------+--------------------------------------------------------------------------------------+--------------------------------------------------------------------------------+------------------+----------------+--------------+
|                                    Clock Signal                                    |                                     Enable Signal                                    |                                Set/Reset Signal                                | Slice Load Count | Bel Load Count | Bels / Slice |
+------------------------------------------------------------------------------------+--------------------------------------------------------------------------------------+--------------------------------------------------------------------------------+------------------+----------------+--------------+
|  uart/module_UART_Transiver/module_UART_Distributor/Wire_Distributor_ReadyToOutput |                                                                                      | uart/module_UART_Transiver/module_UART_Queue/Output_Queue_Ready_reg_4          |                1 |              1 |         1.00 |
|  uart/module_UART_Transiver/module_UART_Queue/Output_Queue_Ready_reg_8             |                                                                                      | uart/module_UART_Transiver/module_UART_Queue/Output_Queue_Ready_reg_9          |                1 |              1 |         1.00 |
|  uart/module_UART_Transiver/module_UART_Queue/Output_Queue_Ready_reg_2             |                                                                                      | uart/module_UART_Transiver/module_UART_Queue/Output_Queue_Ready_reg_3          |                1 |              1 |         1.00 |
|  divider/counter/out_reg[0]_0                                                      |                                                                                      |                                                                                |                1 |              1 |         1.00 |
|  symbolDecoder/handler/keyboardDataBuffer_reg[7]_1                                 |                                                                                      |                                                                                |                1 |              1 |         1.00 |
|  clock_IBUF_BUFG                                                                   | uart/module_UART_Transiver/module_UART_Package_Transiver/Output_Tx1_out              |                                                                                |                1 |              1 |         1.00 |
|  uart/module_UART_Transiver/module_UART_Distributor/Wire_Distributor_ReadyToOutput |                                                                                      | uart/module_UART_Transiver/module_UART_Queue/Output_Queue_Ready_reg_3          |                1 |              1 |         1.00 |
|  uart/module_UART_Transiver/module_UART_Distributor/Wire_Distributor_ReadyToOutput |                                                                                      | uart/module_UART_Transiver/module_UART_Queue/Output_Queue_Ready_reg_9          |                1 |              1 |         1.00 |
|  uart/module_UART_Transiver/module_UART_Queue/Output_Queue_Ready_reg_4             |                                                                                      | uart/module_UART_Transiver/module_UART_Queue/Output_Queue_Ready_reg_5          |                1 |              1 |         1.00 |
|  uart/module_UART_Transiver/module_UART_Distributor/Wire_Distributor_ReadyToOutput |                                                                                      | uart/module_UART_Transiver/module_UART_Queue/Output_Queue_Ready_reg_12         |                1 |              1 |         1.00 |
|  uart/module_UART_Transiver/module_UART_Distributor/Wire_Distributor_ReadyToOutput |                                                                                      | uart/module_UART_Transiver/module_UART_Queue/Output_Queue_Ready_reg_5          |                1 |              1 |         1.00 |
|  uart/module_UART_Transiver/module_UART_Distributor/Wire_Distributor_ReadyToOutput |                                                                                      | uart/module_UART_Transiver/module_UART_Queue/Output_Queue_Ready_reg_6          |                1 |              1 |         1.00 |
|  uart/module_UART_Transiver/module_UART_Distributor/Wire_Distributor_ReadyToOutput |                                                                                      | uart/module_UART_Transiver/module_UART_Queue/Output_Queue_Ready_reg_10         |                1 |              1 |         1.00 |
|  uart/module_UART_Transiver/module_UART_Distributor/Wire_Distributor_ReadyToOutput |                                                                                      | uart/module_UART_Transiver/module_UART_Queue/Output_Queue_Ready_reg_7          |                1 |              1 |         1.00 |
|  uart/module_UART_Transiver/module_UART_Distributor/Wire_Distributor_ReadyToOutput |                                                                                      | uart/module_UART_Transiver/module_UART_Queue/Output_Queue_Ready_reg_13         |                1 |              1 |         1.00 |
|  uart/module_UART_Transiver/module_UART_Distributor/Wire_Distributor_ReadyToOutput |                                                                                      | uart/module_UART_Transiver/module_UART_Queue/Output_Queue_Ready_reg_8          |                1 |              1 |         1.00 |
|  uart/module_UART_Transiver/module_UART_Distributor/Wire_Distributor_ReadyToOutput |                                                                                      | uart/module_UART_Transiver/module_UART_Queue/Output_Queue_Ready_reg_2          |                1 |              1 |         1.00 |
|  uart/module_UART_Transiver/module_UART_Distributor/Wire_Distributor_ReadyToOutput |                                                                                      | uart/module_UART_Transiver/module_UART_Queue/Output_Queue_Ready_reg_11         |                1 |              1 |         1.00 |
|  uart/module_UART_Transiver/module_UART_Queue/Output_Queue_Ready_reg_12            |                                                                                      | uart/module_UART_Transiver/module_UART_Queue/Output_Queue_Ready_reg_13         |                1 |              1 |         1.00 |
|  uart/module_UART_Transiver/module_UART_Queue/Output_Queue_Ready_reg_6             |                                                                                      | uart/module_UART_Transiver/module_UART_Queue/Output_Queue_Ready_reg_7          |                1 |              1 |         1.00 |
|  uart/module_UART_Transiver/module_UART_Queue/Output_Queue_Ready_reg_10            |                                                                                      | uart/module_UART_Transiver/module_UART_Queue/Output_Queue_Ready_reg_11         |                1 |              1 |         1.00 |
|  symbolDecoder/handler/keyboardDataBuffer_reg[7]_0[0]                              |                                                                                      |                                                                                |                1 |              2 |         2.00 |
|  uart/module_UART_Transiver/module_UART_Distributor/Wire_Distributor_ReadyToOutput |                                                                                      | uart/module_UART_Transiver/module_UART_Queue/Wire_Queue_ReadyToOutput          |                1 |              2 |         2.00 |
| ~symbolDecoder/handler/keyboardClockSyncronized_1[1]                               |                                                                                      |                                                                                |                1 |              2 |         2.00 |
| ~symbolDecoder/handler/keyboardClockSyncronized_1[1]                               |                                                                                      | symbolDecoder/handler/counter[3]_i_1_n_0                                       |                1 |              4 |         4.00 |
|  clock_IBUF_BUFG                                                                   | countSort/secondCounter/E[0]                                                         | uart/module_UART_Reader/module_UART_ListenerUART_Listener/Wire_ButtonDown_clk  |                2 |              4 |         2.00 |
|  clock_IBUF_BUFG                                                                   | countSort/secondCounter/E[2]                                                         | uart/module_UART_Reader/module_UART_ListenerUART_Listener/Wire_ButtonDown_clk  |                2 |              4 |         2.00 |
|  clock_IBUF_BUFG                                                                   | countSort/secondCounter/E[7]                                                         | uart/module_UART_Reader/module_UART_ListenerUART_Listener/Wire_ButtonDown_clk  |                3 |              4 |         1.33 |
|  clock_IBUF_BUFG                                                                   | countSort/secondCounter/E[1]                                                         | uart/module_UART_Reader/module_UART_ListenerUART_Listener/Wire_ButtonDown_clk  |                3 |              4 |         1.33 |
|  clock_IBUF_BUFG                                                                   | countSort/secondCounter/E[4]                                                         | uart/module_UART_Reader/module_UART_ListenerUART_Listener/Wire_ButtonDown_clk  |                3 |              4 |         1.33 |
|  clock_IBUF_BUFG                                                                   | countSort/secondCounter/E[11]                                                        | uart/module_UART_Reader/module_UART_ListenerUART_Listener/Wire_ButtonDown_clk  |                3 |              4 |         1.33 |
|  clock_IBUF_BUFG                                                                   | countSort/secondCounter/E[5]                                                         | uart/module_UART_Reader/module_UART_ListenerUART_Listener/Wire_ButtonDown_clk  |                3 |              4 |         1.33 |
|  clock_IBUF_BUFG                                                                   | countSort/secondCounter/E[6]                                                         | uart/module_UART_Reader/module_UART_ListenerUART_Listener/Wire_ButtonDown_clk  |                2 |              4 |         2.00 |
|  clock_IBUF_BUFG                                                                   | countSort/thirdCounter/out[3]_i_1__1_n_0                                             | uart/module_UART_Reader/module_UART_ListenerUART_Listener/Wire_ButtonDown_clk  |                2 |              4 |         2.00 |
|  clock_IBUF_BUFG                                                                   | countSort/thirdCounter/state_reg[2]_0[7]                                             | uart/module_UART_Reader/module_UART_ListenerUART_Listener/Wire_ButtonDown_clk  |                1 |              4 |         4.00 |
|  clock_IBUF_BUFG                                                                   | countSort/thirdCounter/E[1]                                                          | uart/module_UART_Reader/module_UART_ListenerUART_Listener/Wire_ButtonDown_clk  |                3 |              4 |         1.33 |
|  clock_IBUF_BUFG                                                                   | countSort/thirdCounter/E[0]                                                          | uart/module_UART_Reader/module_UART_ListenerUART_Listener/Wire_ButtonDown_clk  |                3 |              4 |         1.33 |
|  clock_IBUF_BUFG                                                                   | symbolDecoder/decoder/E[0]                                                           |                                                                                |                2 |              4 |         2.00 |
|  clock_IBUF_BUFG                                                                   | uart/module_UART_BackpackData_Transiver_Helper/BitCounter[3]_i_2_n_0                 | uart/module_UART_BackpackData_Transiver_Helper/BitCounter[3]_i_1_n_0           |                1 |              4 |         4.00 |
|  clock_IBUF_BUFG                                                                   | uart/module_UART_BackpackData_Transiver_Helper/Output_Transfer1                      | uart/module_UART_BackpackData_Transiver_Helper/TransferingDelay[3]_i_1_n_0     |                1 |              4 |         4.00 |
|  clock_IBUF_BUFG                                                                   | countSort/thirdCounter/state_reg[2]_0[6]                                             | uart/module_UART_Reader/module_UART_ListenerUART_Listener/Wire_ButtonDown_clk  |                1 |              4 |         4.00 |
|  clock_IBUF_BUFG                                                                   | countSort/thirdCounter/state_reg[2]_0[9]                                             | uart/module_UART_Reader/module_UART_ListenerUART_Listener/Wire_ButtonDown_clk  |                1 |              4 |         4.00 |
|  clock_IBUF_BUFG                                                                   | countSort/thirdCounter/state_reg[2]_0[12]                                            | uart/module_UART_Reader/module_UART_ListenerUART_Listener/Wire_ButtonDown_clk  |                1 |              4 |         4.00 |
|  clock_IBUF_BUFG                                                                   | countSort/thirdCounter/state_reg[2]_0[8]                                             | uart/module_UART_Reader/module_UART_ListenerUART_Listener/Wire_ButtonDown_clk  |                1 |              4 |         4.00 |
|  clock_IBUF_BUFG                                                                   | countSort/thirdCounter/state_reg[2]_0[10]                                            | uart/module_UART_Reader/module_UART_ListenerUART_Listener/Wire_ButtonDown_clk  |                1 |              4 |         4.00 |
|  clock_IBUF_BUFG                                                                   | countSort/thirdCounter/state_reg[2]_0[2]                                             | uart/module_UART_Reader/module_UART_ListenerUART_Listener/Wire_ButtonDown_clk  |                2 |              4 |         2.00 |
|  clock_IBUF_BUFG                                                                   | countSort/thirdCounter/state_reg[2]_0[1]                                             | uart/module_UART_Reader/module_UART_ListenerUART_Listener/Wire_ButtonDown_clk  |                1 |              4 |         4.00 |
|  clock_IBUF_BUFG                                                                   | countSort/thirdCounter/state_reg[2]_0[11]                                            | uart/module_UART_Reader/module_UART_ListenerUART_Listener/Wire_ButtonDown_clk  |                1 |              4 |         4.00 |
|  clock_IBUF_BUFG                                                                   | countSort/thirdCounter/state_reg[2]_0[0]                                             | uart/module_UART_Reader/module_UART_ListenerUART_Listener/Wire_ButtonDown_clk  |                1 |              4 |         4.00 |
|  clock_IBUF_BUFG                                                                   | countSort/thirdCounter/state_reg[2]_0[3]                                             | uart/module_UART_Reader/module_UART_ListenerUART_Listener/Wire_ButtonDown_clk  |                2 |              4 |         2.00 |
|  clock_IBUF_BUFG                                                                   | countSort/thirdCounter/state_reg[2]_0[4]                                             | uart/module_UART_Reader/module_UART_ListenerUART_Listener/Wire_ButtonDown_clk  |                1 |              4 |         4.00 |
|  clock_IBUF_BUFG                                                                   | countSort/thirdCounter/state_reg[2]_0[5]                                             | uart/module_UART_Reader/module_UART_ListenerUART_Listener/Wire_ButtonDown_clk  |                1 |              4 |         4.00 |
|  clock_IBUF_BUFG                                                                   | countSort/thirdCounter/state_reg[2]_0[14]                                            | uart/module_UART_Reader/module_UART_ListenerUART_Listener/Wire_ButtonDown_clk  |                1 |              4 |         4.00 |
|  clock_IBUF_BUFG                                                                   | countSort/thirdCounter/state_reg[2]_0[13]                                            | uart/module_UART_Reader/module_UART_ListenerUART_Listener/Wire_ButtonDown_clk  |                1 |              4 |         4.00 |
|  clock_IBUF_BUFG                                                                   | countSort/thirdCounter/state_reg[2]_0[15]                                            | uart/module_UART_Reader/module_UART_ListenerUART_Listener/Wire_ButtonDown_clk  |                1 |              4 |         4.00 |
|  clock_IBUF_BUFG                                                                   | uart/module_UART_Transiver/module_UART_Package_Transiver/Counter0                    |                                                                                |                1 |              4 |         4.00 |
|  clock_IBUF_BUFG                                                                   | countSort/firstCounter/sel                                                           | uart/module_UART_Reader/module_UART_ListenerUART_Listener/Wire_ButtonDown_clk  |                1 |              4 |         4.00 |
|  clock_IBUF_BUFG                                                                   | countSort/firstCounter/E[0]                                                          | uart/module_UART_Reader/module_UART_ListenerUART_Listener/Wire_ButtonDown_clk  |                2 |              4 |         2.00 |
|  clock_IBUF_BUFG                                                                   | countSort/firstCounter/E[1]                                                          | uart/module_UART_Reader/module_UART_ListenerUART_Listener/Wire_ButtonDown_clk  |                2 |              4 |         2.00 |
|  clock_IBUF_BUFG                                                                   | countSort/secondCounter/out[3]_i_1__0_n_0                                            | uart/module_UART_Reader/module_UART_ListenerUART_Listener/Wire_ButtonDown_clk  |                2 |              4 |         2.00 |
|  clock_IBUF_BUFG                                                                   | countSort/secondCounter/E[9]                                                         | uart/module_UART_Reader/module_UART_ListenerUART_Listener/Wire_ButtonDown_clk  |                3 |              4 |         1.33 |
|  clock_IBUF_BUFG                                                                   | countSort/secondCounter/E[8]                                                         | uart/module_UART_Reader/module_UART_ListenerUART_Listener/Wire_ButtonDown_clk  |                2 |              4 |         2.00 |
|  clock_IBUF_BUFG                                                                   | countSort/secondCounter/E[3]                                                         | uart/module_UART_Reader/module_UART_ListenerUART_Listener/Wire_ButtonDown_clk  |                4 |              4 |         1.00 |
|  clock_IBUF_BUFG                                                                   | countSort/secondCounter/E[10]                                                        | uart/module_UART_Reader/module_UART_ListenerUART_Listener/Wire_ButtonDown_clk  |                3 |              4 |         1.33 |
| ~symbolDecoder/handler/keyboardClockSyncronized_1[1]                               | symbolDecoder/handler/FSM_onehot_state[4]_i_1_n_0                                    |                                                                                |                2 |              5 |         2.50 |
|  clock_IBUF_BUFG                                                                   | uart/module_UART_Reader/module_UART_ListenerUART_Listener/module_counter/Wire_IsHalf |                                                                                |                2 |              5 |         2.50 |
|  clock_IBUF_BUFG                                                                   | uart/module_UART_Transiver/module_UART_Queue/Memory[30]_i_1_n_0                      |                                                                                |                1 |              6 |         6.00 |
|  clock_IBUF_BUFG                                                                   | uart/module_UART_Transiver/module_UART_Queue/Memory[6]_i_1_n_0                       |                                                                                |                1 |              6 |         6.00 |
|  clock_IBUF_BUFG                                                                   | uart/module_UART_Transiver/module_UART_Queue/Memory[14]_i_1_n_0                      |                                                                                |                2 |              6 |         3.00 |
|  clock_IBUF_BUFG                                                                   | uart/module_UART_Transiver/module_UART_Queue/Memory[22]_i_1_n_0                      |                                                                                |                1 |              6 |         6.00 |
| ~symbolDecoder/handler/keyboardClockSyncronized_1[1]                               | symbolDecoder/handler/keyboardDataBuffer_0                                           |                                                                                |                2 |              8 |         4.00 |
|  uart/module_UART_ASCII_To_Hex/module_ReadyToOutput_Syncronizator/RegisterB        |                                                                                      |                                                                                |                1 |              8 |         8.00 |
|  clock_IBUF_BUFG                                                                   |                                                                                      | module_InputInterfaceController/Filter_ButtonClear/ClearCounter                |                4 |             13 |         3.25 |
|  clock_IBUF_BUFG                                                                   |                                                                                      | module_InputInterfaceController/Filter_ButtonDown/ClearCounter_reg_n_0         |                5 |             13 |         2.60 |
|  clock_IBUF_BUFG                                                                   |                                                                                      | module_InputInterfaceController/Filter_ButtonInsert/ClearCounter_reg_n_0       |                5 |             13 |         2.60 |
|  clock_IBUF_BUFG                                                                   |                                                                                      | module_InputInterfaceController/Filter_ButtonLeft/ClearCounter_reg_n_0         |                4 |             13 |         3.25 |
|  clock_IBUF_BUFG                                                                   |                                                                                      | module_InputInterfaceController/Filter_ButtonRight/ClearCounter_reg_n_0        |                4 |             13 |         3.25 |
|  clock_IBUF_BUFG                                                                   |                                                                                      | uart/module_UART_Reader/module_UART_ListenerUART_Listener/ClearCounter_reg_n_0 |                5 |             15 |         3.00 |
|  clock_IBUF_BUFG                                                                   |                                                                                      | uart/module_UART_Transiver/module_UART_Package_Transiver/Counter0              |                4 |             15 |         3.75 |
|  clock_IBUF_BUFG                                                                   | uart/module_UART_Reader/module_UART_Queue/Output_Transfer_reg                        |                                                                                |                4 |             16 |         4.00 |
|  divider/outClock                                                                  |                                                                                      |                                                                                |                7 |             18 |         2.57 |
|  clock_IBUF_BUFG                                                                   | countSort/currentValue[63]_i_2_n_0                                                   | uart/module_UART_Reader/module_UART_ListenerUART_Listener/Wire_ButtonDown_clk  |               18 |             64 |         3.56 |
|  clock_IBUF_BUFG                                                                   | uart/module_UART_Reader/module_UART_ListenerUART_Listener/rButtonFlagDelayed_reg[0]  |                                                                                |               19 |             64 |         3.37 |
|  clock_IBUF_BUFG                                                                   |                                                                                      |                                                                                |               43 |            109 |         2.53 |
+------------------------------------------------------------------------------------+--------------------------------------------------------------------------------------+--------------------------------------------------------------------------------+------------------+----------------+--------------+


